c:\users\jackson\source\repos\destrux\destrux\debug\vc142.pdb
c:\users\jackson\source\repos\destrux\destrux\debug\vc142.idb
c:\users\jackson\source\repos\destrux\destrux\debug\texture.obj
c:\users\jackson\source\repos\destrux\destrux\debug\main.obj
c:\users\jackson\source\repos\destrux\destrux\debug\face.obj
c:\users\jackson\source\repos\destrux\destrux\debug\dart.obj
c:\users\jackson\source\repos\destrux\destrux\debug\cell.obj
c:\users\jackson\source\repos\destrux\destrux\debug\volumetricmesh.obj
c:\users\jackson\source\repos\destrux\destrux\debug\vertex.obj
c:\users\jackson\source\repos\destrux\destrux\debug\tetrahedralize.obj
c:\users\jackson\source\repos\destrux\destrux\debug\attribute.obj
c:\users\jackson\source\repos\destrux\destrux\debug\tetrahedron.obj
c:\users\jackson\source\repos\destrux\destrux\debug\polyhedron.obj
c:\users\jackson\source\repos\destrux\destrux\debug\combinatorialmap.obj
c:\users\jackson\source\repos\destrux\destrux\debug\vcpkg.applocal.log
c:\users\jackson\source\repos\destrux\debug\mpfr.dll
c:\users\jackson\source\repos\destrux\debug\mpir.dll
c:\users\jackson\source\repos\destrux\debug\destrux.exe
c:\users\jackson\source\repos\destrux\debug\destrux.ilk
c:\users\jackson\source\repos\destrux\debug\destrux.pdb
c:\users\jackson\source\repos\destrux\destrux\debug\model.obj
c:\users\jackson\source\repos\destrux\destrux\debug\destrux.tlog\cl.command.1.tlog
c:\users\jackson\source\repos\destrux\destrux\debug\destrux.tlog\cl.read.1.tlog
c:\users\jackson\source\repos\destrux\destrux\debug\destrux.tlog\cl.write.1.tlog
c:\users\jackson\source\repos\destrux\destrux\debug\destrux.tlog\destrux.write.1u.tlog
c:\users\jackson\source\repos\destrux\destrux\debug\destrux.tlog\link.command.1.tlog
c:\users\jackson\source\repos\destrux\destrux\debug\destrux.tlog\link.read.1.tlog
c:\users\jackson\source\repos\destrux\destrux\debug\destrux.tlog\link.write.1.tlog
